<testsuites id="" name="" tests="1" failures="1" skipped="0" errors="0" time="16.604704">
<testsuite name="auth.spec.ts" timestamp="2025-09-15T23:57:19.420Z" hostname="chromium-desktop" tests="1" failures="1" skipped="0" time="12.6" errors="0">
<testcase name="Authentication Flow › user registration" classname="auth.spec.ts" time="12.6">
<failure message="auth.spec.ts:9:3 user registration" type="FAILURE">
<![CDATA[  [chromium-desktop] › auth.spec.ts:9:3 › Authentication Flow › user registration ──────────────────

    TimeoutError: page.waitForSelector: Timeout 10000ms exceeded.
    Call log:
      - waiting for locator('#code-0') to be visible


      20 |     
      21 |     // Wait for OTP verification step
    > 22 |     await page.waitForSelector('#code-0', { timeout: 10000 });
         |                ^
      23 |     
      24 |     // Fill OTP digits
      25 |     await page.fill('#code-0', '1');
        at /Users/sohagmahamud/Projects/AgriDAO/e2e/auth.spec.ts:22:16

    attachment #1: screenshot (image/png) ──────────────────────────────────────────────────────────
    ../test-results/auth-Authentication-Flow-user-registration-chromium-desktop/test-failed-1.png
    ────────────────────────────────────────────────────────────────────────────────────────────────

    attachment #2: video (video/webm) ──────────────────────────────────────────────────────────────
    ../test-results/auth-Authentication-Flow-user-registration-chromium-desktop/video.webm
    ────────────────────────────────────────────────────────────────────────────────────────────────

    Error Context: ../test-results/auth-Authentication-Flow-user-registration-chromium-desktop/error-context.md
]]>
</failure>
<system-out>
<![CDATA[
[[ATTACHMENT|auth-Authentication-Flow-user-registration-chromium-desktop/test-failed-1.png]]

[[ATTACHMENT|auth-Authentication-Flow-user-registration-chromium-desktop/video.webm]]

[[ATTACHMENT|auth-Authentication-Flow-user-registration-chromium-desktop/error-context.md]]
]]>
</system-out>
</testcase>
</testsuite>
</testsuites>